<?xml version="1.0" encoding="UTF-8"?>
<!-- Generated by org.testng.reporters.JUnitReportReporter -->
<testsuite hostname="LAPTOP-B5B0TM1S" failures="0" tests="1" name="TestAutomation.Pratice2.Homepagetest" time="21.818" errors="0" timestamp="2020-09-20T16:23:20 IST" skipped="0">
  <testcase classname="TestAutomation.Pratice2.Homepagetest" name="basePageNavigation" time="21.818"/>
  <system-out/>
</testsuite> <!-- TestAutomation.Pratice2.Homepagetest -->
