<?xml version="1.0" encoding="UTF-8"?>
<!-- Generated by org.testng.reporters.JUnitReportReporter -->
<testsuite hostname="LAPTOP-B5B0TM1S" failures="0" tests="2" name="TestAutomation.Pratice2.LoginPagetest" time="41.551" errors="0" timestamp="2020-09-20T16:23:20 IST" skipped="0">
  <testcase classname="TestAutomation.Pratice2.LoginPagetest" name="doLogin" time="20.209"/>
  <system-out/>
  <testcase classname="TestAutomation.Pratice2.LoginPagetest" name="doLogin" time="21.342"/>
  <system-out/>
</testsuite> <!-- TestAutomation.Pratice2.LoginPagetest -->
