<?xml version="1.0" encoding="UTF-8"?>
<!-- Generated by org.testng.reporters.JUnitReportReporter -->
<testsuite hostname="LAPTOP-B5B0TM1S" failures="0" tests="2" name="TestAutomation.Pratice2.LoginPagetest" time="54.545" errors="0" timestamp="2020-10-17T19:34:33 IST" skipped="0">
  <testcase classname="TestAutomation.Pratice2.LoginPagetest" name="doLogin" time="30.260"/>
  <system-out/>
  <testcase classname="TestAutomation.Pratice2.LoginPagetest" name="doLogin" time="24.285"/>
  <system-out/>
</testsuite> <!-- TestAutomation.Pratice2.LoginPagetest -->
