<?xml version="1.0" encoding="UTF-8"?>
<!-- Generated by org.testng.reporters.JUnitReportReporter -->
<testsuite hostname="LAPTOP-B5B0TM1S" failures="0" tests="2" name="TestAutomation.Pratice2.LoginPagetest" time="81.218" errors="0" timestamp="2020-10-18T18:21:10 IST" skipped="0">
  <testcase classname="TestAutomation.Pratice2.LoginPagetest" name="doLogin" time="46.919"/>
  <system-out/>
  <testcase classname="TestAutomation.Pratice2.LoginPagetest" name="doLogin" time="34.299"/>
  <system-out/>
</testsuite> <!-- TestAutomation.Pratice2.LoginPagetest -->
