<?xml version="1.0" encoding="UTF-8"?>
<!-- Generated by org.testng.reporters.JUnitReportReporter -->
<testsuite hostname="Aniket-PC" name="TestAutomation.Pratice2.Homepagetest" tests="1" failures="0" timestamp="18 Jun 2020 05:21:27 GMT" time="17.443" errors="0">
  <testcase name="basePageNavigation" time="17.443" classname="TestAutomation.Pratice2.Homepagetest"/>
</testsuite> <!-- TestAutomation.Pratice2.Homepagetest -->
