<?xml version="1.0" encoding="UTF-8"?>
<!-- Generated by org.testng.reporters.JUnitReportReporter -->
<testsuite hostname="Aniket-PC" name="TestAutomation.Pratice2.LoginPagetest" tests="1" failures="0" timestamp="18 Jun 2020 05:21:27 GMT" time="21.384" errors="0">
  <testcase name="doLogin" time="21.384" classname="TestAutomation.Pratice2.LoginPagetest"/>
</testsuite> <!-- TestAutomation.Pratice2.LoginPagetest -->
