<?xml version="1.0" encoding="UTF-8"?>
<!-- Generated by org.testng.reporters.JUnitReportReporter -->
<testsuite hostname="LAPTOP-B5B0TM1S" failures="0" tests="1" name="TestAutomation.Pratice2.Homepagetest" time="21.883" errors="0" timestamp="2020-10-18T18:21:10 IST" skipped="0">
  <testcase classname="TestAutomation.Pratice2.Homepagetest" name="basePageNavigation" time="21.883"/>
  <system-out/>
</testsuite> <!-- TestAutomation.Pratice2.Homepagetest -->
